<?xml version="1.0" encoding="UTF-8"?>
<!-- Generated by org.testng.reporters.JUnitXMLReporter -->
<testsuite ignored="0" hostname="DESKTOP-D3234P5" failures="0" tests="3" name="Default test" time="0.035" errors="0" timestamp="17 Jan 2024 14:30:41 GMT">
  <testcase classname="com.orange.DataProvClass" name="TestLogin" time="0.008"/>
  <testcase classname="com.orange.DataProvClass" name="TestLogin" time="0.001"/>
  <testcase classname="com.orange.DataProvClass" name="TestLogin" time="0.0"/>
</testsuite> <!-- Default test -->
