<?xml version="1.0" encoding="UTF-8"?>
<testng-results ignored="0" total="3" passed="3" failed="0" skipped="0">
  <reporter-output>
  </reporter-output>
  <suite started-at="2024-01-17T14:30:41Z" name="Default suite" finished-at="2024-01-17T14:30:41Z" duration-ms="35">
    <groups>
    </groups>
    <test started-at="2024-01-17T14:30:41Z" name="Default test" finished-at="2024-01-17T14:30:41Z" duration-ms="35">
      <class name="com.orange.DataProvClass">
        <test-method signature="TestLogin(java.lang.Object)[pri:0, instance:com.orange.DataProvClass@1583741e]" started-at="2024-01-17T20:00:41Z" name="TestLogin" data-provider="dp1" finished-at="2024-01-17T20:00:41Z" duration-ms="8" status="PASS">
          <params>
            <param index="0">
              <value>
                <![CDATA[abcd]]>
              </value>
            </param>
          </params>
          <reporter-output>
          </reporter-output>
        </test-method> <!-- TestLogin -->
        <test-method signature="TestLogin(java.lang.Object)[pri:0, instance:com.orange.DataProvClass@1583741e]" started-at="2024-01-17T20:00:41Z" name="TestLogin" data-provider="dp1" finished-at="2024-01-17T20:00:41Z" duration-ms="1" status="PASS">
          <params>
            <param index="0">
              <value>
                <![CDATA[xyz]]>
              </value>
            </param>
          </params>
          <reporter-output>
          </reporter-output>
        </test-method> <!-- TestLogin -->
        <test-method signature="TestLogin(java.lang.Object)[pri:0, instance:com.orange.DataProvClass@1583741e]" started-at="2024-01-17T20:00:41Z" name="TestLogin" data-provider="dp1" finished-at="2024-01-17T20:00:41Z" duration-ms="0" status="PASS">
          <params>
            <param index="0">
              <value>
                <![CDATA[pqr]]>
              </value>
            </param>
          </params>
          <reporter-output>
          </reporter-output>
        </test-method> <!-- TestLogin -->
      </class> <!-- com.orange.DataProvClass -->
    </test> <!-- Default test -->
  </suite> <!-- Default suite -->
</testng-results>
